<?xml version="1.0" encoding="UTF-8"?>
<!-- Generated by org.testng.reporters.JUnitReportReporter -->
<testsuite skipped="0" hostname="DESKTOP-CG5HG66" name="com.att.md.TestCase.TestValidateSearchFunctioality" tests="1" failures="0" timestamp="08 Sep 2019 16:52:32 GMT" time="9.594" errors="0">
  <testcase name="searchFuctionalityValidation" time="9.594" classname="com.att.md.TestCase.TestValidateSearchFunctioality"/>
</testsuite> <!-- com.att.md.TestCase.TestValidateSearchFunctioality -->
