<?xml version="1.0" encoding="UTF-8"?>
<!-- Generated by org.testng.reporters.JUnitReportReporter -->
<testsuite skipped="0" hostname="DESKTOP-CG5HG66" name="com.att.md.TestCase.TestLogOutFunctionality" tests="1" failures="0" timestamp="11 Sep 2019 23:53:33 GMT" time="10.283" errors="0">
  <testcase name="validateLogoutFuntionality" time="10.283" classname="com.att.md.TestCase.TestLogOutFunctionality"/>
</testsuite> <!-- com.att.md.TestCase.TestLogOutFunctionality -->
