<?xml version="1.0" encoding="UTF-8"?>
<!-- Generated by org.testng.reporters.JUnitReportReporter -->
<testsuite skipped="0" hostname="DESKTOP-CG5HG66" name="com.att.md.TestCase.TestLogInPageObject" tests="1" failures="0" timestamp="15 Sep 2019 18:54:45 GMT" time="1.150" errors="0">
  <testcase name="validateLogInUsingValidCredentials" time="1.150" classname="com.att.md.TestCase.TestLogInPageObject"/>
</testsuite> <!-- com.att.md.TestCase.TestLogInPageObject -->
