<?xml version="1.0" encoding="UTF-8"?>
<!-- Generated by org.testng.reporters.JUnitReportReporter -->
<testsuite skipped="1" hostname="DESKTOP-CG5HG66" name="com.att.md.TestCase.TestLogInFunctionality" tests="2" failures="0" timestamp="11 Sep 2019 23:57:46 GMT" time="7.612" errors="0">
  <testcase name="testLogInFunctionalityInvalidCredentials" time="7.612" classname="com.att.md.TestCase.TestLogInFunctionality"/>
  <testcase name="testLogInFunctionalityValidCredentials" classname="com.att.md.TestCase.TestLogInFunctionality">
    <skipped/>
  </testcase> <!-- testLogInFunctionalityValidCredentials -->
</testsuite> <!-- com.att.md.TestCase.TestLogInFunctionality -->
