<?xml version="1.0" encoding="UTF-8"?>
<!-- Generated by org.testng.reporters.JUnitReportReporter -->
<testsuite skipped="0" hostname="DESKTOP-CG5HG66" name="com.att.md.MyFirstProject.Practice" tests="1" failures="0" timestamp="15 Aug 2019 01:28:44 GMT" time="0.011" errors="0">
  <testcase name="test" time="0.011" classname="com.att.md.MyFirstProject.Practice"/>
</testsuite> <!-- com.att.md.MyFirstProject.Practice -->
